# JRE version: Java(TM) SE Runtime Environment (8.0_161-b12) (build 1.8.0_161-b12)
# Java VM: Java HotSpot(TM) 64-Bit Server VM (25.161-b12 mixed mode windows-amd64 compressed oops)
Heap:
 PSYoungGen      total 37888K, used 2836K [0x00000000eb200000, 0x00000000eef80000, 0x0000000100000000)
  eden space 32256K, 0% used [0x00000000eb200000,0x00000000eb200000,0x00000000ed180000)
  from space 5632K, 50% used [0x00000000ed180000,0x00000000ed4453b0,0x00000000ed700000)
  to   space 5632K, 0% used [0x00000000eea00000,0x00000000eea00000,0x00000000eef80000)
 ParOldGen       total 44032K, used 8901K [0x00000000c1600000, 0x00000000c4100000, 0x00000000eb200000)
  object space 44032K, 20% used [0x00000000c1600000,0x00000000c1eb16d0,0x00000000c4100000)
 Metaspace       used 20845K, capacity 21006K, committed 21248K, reserved 1069056K
  class space    used 2441K, capacity 2464K, committed 2560K, reserved 1048576K
GC Heap History (10 events):
Event: 2.513 GC heap after
Heap after GC invocations=5 (full 0):
 PSYoungGen      total 18944K, used 2552K [0x00000000eb200000, 0x00000000ed500000, 0x0000000100000000)
  eden space 16384K, 0% used [0x00000000eb200000,0x00000000eb200000,0x00000000ec200000)
  from space 2560K, 99% used [0x00000000ec200000,0x00000000ec47e050,0x00000000ec480000)
  to   space 5120K, 0% used [0x00000000ed000000,0x00000000ed000000,0x00000000ed500000)
 ParOldGen       total 44032K, used 6103K [0x00000000c1600000, 0x00000000c4100000, 0x00000000eb200000)
  object space 44032K, 13% used [0x00000000c1600000,0x00000000c1bf5cb0,0x00000000c4100000)
 Metaspace       used 15093K, capacity 15262K, committed 15360K, reserved 1062912K
  class space    used 1733K, capacity 1752K, committed 1792K, reserved 1048576K
}
Event: 2.891 GC heap before
{Heap before GC invocations=6 (full 0):
 PSYoungGen      total 18944K, used 18936K [0x00000000eb200000, 0x00000000ed500000, 0x0000000100000000)
  eden space 16384K, 100% used [0x00000000eb200000,0x00000000ec200000,0x00000000ec200000)
  from space 2560K, 99% used [0x00000000ec200000,0x00000000ec47e050,0x00000000ec480000)
  to   space 5120K, 0% used [0x00000000ed000000,0x00000000ed000000,0x00000000ed500000)
 ParOldGen       total 44032K, used 6103K [0x00000000c1600000, 0x00000000c4100000, 0x00000000eb200000)
  object space 44032K, 13% used [0x00000000c1600000,0x00000000c1bf5cb0,0x00000000c4100000)
 Metaspace       used 15907K, capacity 16094K, committed 16256K, reserved 1062912K
  class space    used 1832K, capacity 1880K, committed 1920K, reserved 1048576K
Event: 2.895 GC heap after
Heap after GC invocations=6 (full 0):
 PSYoungGen      total 20480K, used 3611K [0x00000000eb200000, 0x00000000ed400000, 0x0000000100000000)
  eden space 16384K, 0% used [0x00000000eb200000,0x00000000eb200000,0x00000000ec200000)
  from space 4096K, 88% used [0x00000000ed000000,0x00000000ed386eb8,0x00000000ed400000)
  to   space 5120K, 0% used [0x00000000eca00000,0x00000000eca00000,0x00000000ecf00000)
 ParOldGen       total 44032K, used 6111K [0x00000000c1600000, 0x00000000c4100000, 0x00000000eb200000)
  object space 44032K, 13% used [0x00000000c1600000,0x00000000c1bf7cb0,0x00000000c4100000)
 Metaspace       used 15907K, capacity 16094K, committed 16256K, reserved 1062912K
  class space    used 1832K, capacity 1880K, committed 1920K, reserved 1048576K
}
Event: 3.276 GC heap before
{Heap before GC invocations=7 (full 0):
 PSYoungGen      total 20480K, used 19995K [0x00000000eb200000, 0x00000000ed400000, 0x0000000100000000)
  eden space 16384K, 100% used [0x00000000eb200000,0x00000000ec200000,0x00000000ec200000)
  from space 4096K, 88% used [0x00000000ed000000,0x00000000ed386eb8,0x00000000ed400000)
  to   space 5120K, 0% used [0x00000000eca00000,0x00000000eca00000,0x00000000ecf00000)
 ParOldGen       total 44032K, used 6111K [0x00000000c1600000, 0x00000000c4100000, 0x00000000eb200000)
  object space 44032K, 13% used [0x00000000c1600000,0x00000000c1bf7cb0,0x00000000c4100000)
 Metaspace       used 17116K, capacity 17314K, committed 17408K, reserved 1064960K
  class space    used 1996K, capacity 2046K, committed 2048K, reserved 1048576K
Event: 3.288 GC heap after
Heap after GC invocations=7 (full 0):
 PSYoungGen      total 29696K, used 2934K [0x00000000eb200000, 0x00000000edc00000, 0x0000000100000000)
  eden space 24576K, 0% used [0x00000000eb200000,0x00000000eb200000,0x00000000eca00000)
  from space 5120K, 57% used [0x00000000eca00000,0x00000000eccddaf0,0x00000000ecf00000)
  to   space 5120K, 0% used [0x00000000ed700000,0x00000000ed700000,0x00000000edc00000)
 ParOldGen       total 44032K, used 7382K [0x00000000c1600000, 0x00000000c4100000, 0x00000000eb200000)
  object space 44032K, 16% used [0x00000000c1600000,0x00000000c1d35b28,0x00000000c4100000)
 Metaspace       used 17116K, capacity 17314K, committed 17408K, reserved 1064960K
  class space    used 1996K, capacity 2046K, committed 2048K, reserved 1048576K
}
Event: 3.944 GC heap before
{Heap before GC invocations=8 (full 0):
 PSYoungGen      total 29696K, used 27510K [0x00000000eb200000, 0x00000000edc00000, 0x0000000100000000)
  eden space 24576K, 100% used [0x00000000eb200000,0x00000000eca00000,0x00000000eca00000)
  from space 5120K, 57% used [0x00000000eca00000,0x00000000eccddaf0,0x00000000ecf00000)
  to   space 5120K, 0% used [0x00000000ed700000,0x00000000ed700000,0x00000000edc00000)
 ParOldGen       total 44032K, used 7382K [0x00000000c1600000, 0x00000000c4100000, 0x00000000eb200000)
  object space 44032K, 16% used [0x00000000c1600000,0x00000000c1d35b28,0x00000000c4100000)
 Metaspace       used 20781K, capacity 21006K, committed 21248K, reserved 1069056K
  class space    used 2436K, capacity 2464K, committed 2560K, reserved 1048576K
Event: 3.951 GC heap after
Heap after GC invocations=8 (full 0):
 PSYoungGen      total 37376K, used 5088K [0x00000000eb200000, 0x00000000eed00000, 0x0000000100000000)
  eden space 32256K, 0% used [0x00000000eb200000,0x00000000eb200000,0x00000000ed180000)
  from space 5120K, 99% used [0x00000000ed700000,0x00000000edbf8280,0x00000000edc00000)
  to   space 5632K, 0% used [0x00000000ed180000,0x00000000ed180000,0x00000000ed700000)
 ParOldGen       total 44032K, used 8222K [0x00000000c1600000, 0x00000000c4100000, 0x00000000eb200000)
  object space 44032K, 18% used [0x00000000c1600000,0x00000000c1e07b48,0x00000000c4100000)
 Metaspace       used 20781K, capacity 21006K, committed 21248K, reserved 1069056K
  class space    used 2436K, capacity 2464K, committed 2560K, reserved 1048576K
}
Event: 4.063 GC heap before
{Heap before GC invocations=9 (full 0):
 PSYoungGen      total 37376K, used 13477K [0x00000000eb200000, 0x00000000eed00000, 0x0000000100000000)
  eden space 32256K, 26% used [0x00000000eb200000,0x00000000eba312d0,0x00000000ed180000)
  from space 5120K, 99% used [0x00000000ed700000,0x00000000edbf8280,0x00000000edc00000)
  to   space 5632K, 0% used [0x00000000ed180000,0x00000000ed180000,0x00000000ed700000)
 ParOldGen       total 44032K, used 8222K [0x00000000c1600000, 0x00000000c4100000, 0x00000000eb200000)
  object space 44032K, 18% used [0x00000000c1600000,0x00000000c1e07b48,0x00000000c4100000)
 Metaspace       used 20845K, capacity 21006K, committed 21248K, reserved 1069056K
  class space    used 2441K, capacity 2464K, committed 2560K, reserved 1048576K
Event: 4.068 GC heap after
Heap after GC invocations=9 (full 0):
 PSYoungGen      total 37888K, used 2836K [0x00000000eb200000, 0x00000000eef80000, 0x0000000100000000)
  eden space 32256K, 0% used [0x00000000eb200000,0x00000000eb200000,0x00000000ed180000)
  from space 5632K, 50% used [0x00000000ed180000,0x00000000ed4453b0,0x00000000ed700000)
  to   space 5632K, 0% used [0x00000000eea00000,0x00000000eea00000,0x00000000eef80000)
 ParOldGen       total 44032K, used 8901K [0x00000000c1600000, 0x00000000c4100000, 0x00000000eb200000)
  object space 44032K, 20% used [0x00000000c1600000,0x00000000c1eb16d0,0x00000000c4100000)
 Metaspace       used 20845K, capacity 21006K, committed 21248K, reserved 1069056K
  class space    used 2441K, capacity 2464K, committed 2560K, reserved 1048576K
}
Event: 4.068 GC heap before
{Heap before GC invocations=10 (full 1):
 PSYoungGen      total 37888K, used 2836K [0x00000000eb200000, 0x00000000eef80000, 0x0000000100000000)
  eden space 32256K, 0% used [0x00000000eb200000,0x00000000eb200000,0x00000000ed180000)
  from space 5632K, 50% used [0x00000000ed180000,0x00000000ed4453b0,0x00000000ed700000)
  to   space 5632K, 0% used [0x00000000eea00000,0x00000000eea00000,0x00000000eef80000)
 ParOldGen       total 44032K, used 8901K [0x00000000c1600000, 0x00000000c4100000, 0x00000000eb200000)
  object space 44032K, 20% used [0x00000000c1600000,0x00000000c1eb16d0,0x00000000c4100000)
 Metaspace       used 20845K, capacity 21006K, committed 21248K, reserved 1069056K
  class space    used 2441K, capacity 2464K, committed 2560K, reserved 1048576K

