# JRE version: Java(TM) SE Runtime Environment (8.0_161-b12) (build 1.8.0_161-b12)
# Java VM: Java HotSpot(TM) 64-Bit Server VM (25.161-b12 mixed mode windows-amd64 compressed oops)
Heap:
 PSYoungGen      total 71680K, used 4004K [0x00000000eb200000, 0x00000000f3d00000, 0x0000000100000000)
  eden space 64512K, 0% used [0x00000000eb200000,0x00000000eb200000,0x00000000ef100000)
  from space 7168K, 55% used [0x00000000ef100000,0x00000000ef4e90f8,0x00000000ef800000)
  to   space 6656K, 0% used [0x00000000f3680000,0x00000000f3680000,0x00000000f3d00000)
 ParOldGen       total 44032K, used 8786K [0x00000000c1600000, 0x00000000c4100000, 0x00000000eb200000)
  object space 44032K, 19% used [0x00000000c1600000,0x00000000c1e94a28,0x00000000c4100000)
 Metaspace       used 20866K, capacity 21012K, committed 21248K, reserved 1069056K
  class space    used 2451K, capacity 2465K, committed 2560K, reserved 1048576K
GC Heap History (10 events):
Event: 1.289 GC heap after
Heap after GC invocations=3 (full 0):
 PSYoungGen      total 18944K, used 2536K [0x00000000eb200000, 0x00000000ed700000, 0x0000000100000000)
  eden space 16384K, 0% used [0x00000000eb200000,0x00000000eb200000,0x00000000ec200000)
  from space 2560K, 99% used [0x00000000ec200000,0x00000000ec47a050,0x00000000ec480000)
  to   space 2560K, 0% used [0x00000000ed480000,0x00000000ed480000,0x00000000ed700000)
 ParOldGen       total 44032K, used 2815K [0x00000000c1600000, 0x00000000c4100000, 0x00000000eb200000)
  object space 44032K, 6% used [0x00000000c1600000,0x00000000c18bfcf0,0x00000000c4100000)
 Metaspace       used 11690K, capacity 11890K, committed 11904K, reserved 1060864K
  class space    used 1349K, capacity 1398K, committed 1408K, reserved 1048576K
}
Event: 1.964 GC heap before
{Heap before GC invocations=4 (full 0):
 PSYoungGen      total 18944K, used 18920K [0x00000000eb200000, 0x00000000ed700000, 0x0000000100000000)
  eden space 16384K, 100% used [0x00000000eb200000,0x00000000ec200000,0x00000000ec200000)
  from space 2560K, 99% used [0x00000000ec200000,0x00000000ec47a050,0x00000000ec480000)
  to   space 2560K, 0% used [0x00000000ed480000,0x00000000ed480000,0x00000000ed700000)
 ParOldGen       total 44032K, used 2815K [0x00000000c1600000, 0x00000000c4100000, 0x00000000eb200000)
  object space 44032K, 6% used [0x00000000c1600000,0x00000000c18bfcf0,0x00000000c4100000)
 Metaspace       used 14341K, capacity 14552K, committed 14848K, reserved 1062912K
  class space    used 1636K, capacity 1687K, committed 1792K, reserved 1048576K
Event: 1.969 GC heap after
Heap after GC invocations=4 (full 0):
 PSYoungGen      total 35328K, used 2552K [0x00000000eb200000, 0x00000000ed700000, 0x0000000100000000)
  eden space 32768K, 0% used [0x00000000eb200000,0x00000000eb200000,0x00000000ed200000)
  from space 2560K, 99% used [0x00000000ed480000,0x00000000ed6fe030,0x00000000ed700000)
  to   space 2560K, 0% used [0x00000000ed200000,0x00000000ed200000,0x00000000ed480000)
 ParOldGen       total 44032K, used 4936K [0x00000000c1600000, 0x00000000c4100000, 0x00000000eb200000)
  object space 44032K, 11% used [0x00000000c1600000,0x00000000c1ad2110,0x00000000c4100000)
 Metaspace       used 14341K, capacity 14552K, committed 14848K, reserved 1062912K
  class space    used 1636K, capacity 1687K, committed 1792K, reserved 1048576K
}
Event: 2.963 GC heap before
{Heap before GC invocations=5 (full 0):
 PSYoungGen      total 35328K, used 35320K [0x00000000eb200000, 0x00000000ed700000, 0x0000000100000000)
  eden space 32768K, 100% used [0x00000000eb200000,0x00000000ed200000,0x00000000ed200000)
  from space 2560K, 99% used [0x00000000ed480000,0x00000000ed6fe030,0x00000000ed700000)
  to   space 2560K, 0% used [0x00000000ed200000,0x00000000ed200000,0x00000000ed480000)
 ParOldGen       total 44032K, used 4936K [0x00000000c1600000, 0x00000000c4100000, 0x00000000eb200000)
  object space 44032K, 11% used [0x00000000c1600000,0x00000000c1ad2110,0x00000000c4100000)
 Metaspace       used 16114K, capacity 16254K, committed 16512K, reserved 1064960K
  class space    used 1870K, capacity 1912K, committed 1920K, reserved 1048576K
Event: 2.974 GC heap after
Heap after GC invocations=5 (full 0):
 PSYoungGen      total 35328K, used 2552K [0x00000000eb200000, 0x00000000efe00000, 0x0000000100000000)
  eden space 32768K, 0% used [0x00000000eb200000,0x00000000eb200000,0x00000000ed200000)
  from space 2560K, 99% used [0x00000000ed200000,0x00000000ed47e050,0x00000000ed480000)
  to   space 6144K, 0% used [0x00000000ef800000,0x00000000ef800000,0x00000000efe00000)
 ParOldGen       total 44032K, used 7589K [0x00000000c1600000, 0x00000000c4100000, 0x00000000eb200000)
  object space 44032K, 17% used [0x00000000c1600000,0x00000000c1d69600,0x00000000c4100000)
 Metaspace       used 16114K, capacity 16254K, committed 16512K, reserved 1064960K
  class space    used 1870K, capacity 1912K, committed 1920K, reserved 1048576K
}
Event: 4.035 GC heap before
{Heap before GC invocations=6 (full 0):
 PSYoungGen      total 35328K, used 35320K [0x00000000eb200000, 0x00000000efe00000, 0x0000000100000000)
  eden space 32768K, 100% used [0x00000000eb200000,0x00000000ed200000,0x00000000ed200000)
  from space 2560K, 99% used [0x00000000ed200000,0x00000000ed47e050,0x00000000ed480000)
  to   space 6144K, 0% used [0x00000000ef800000,0x00000000ef800000,0x00000000efe00000)
 ParOldGen       total 44032K, used 7589K [0x00000000c1600000, 0x00000000c4100000, 0x00000000eb200000)
  object space 44032K, 17% used [0x00000000c1600000,0x00000000c1d69600,0x00000000c4100000)
 Metaspace       used 20093K, capacity 20290K, committed 20608K, reserved 1067008K
  class space    used 2361K, capacity 2398K, committed 2432K, reserved 1048576K
Event: 4.050 GC heap after
Heap after GC invocations=6 (full 0):
 PSYoungGen      total 70656K, used 6112K [0x00000000eb200000, 0x00000000f0000000, 0x0000000100000000)
  eden space 64512K, 0% used [0x00000000eb200000,0x00000000eb200000,0x00000000ef100000)
  from space 6144K, 99% used [0x00000000ef800000,0x00000000efdf8178,0x00000000efe00000)
  to   space 7168K, 0% used [0x00000000ef100000,0x00000000ef100000,0x00000000ef800000)
 ParOldGen       total 44032K, used 7782K [0x00000000c1600000, 0x00000000c4100000, 0x00000000eb200000)
  object space 44032K, 17% used [0x00000000c1600000,0x00000000c1d99ba0,0x00000000c4100000)
 Metaspace       used 20093K, capacity 20290K, committed 20608K, reserved 1067008K
  class space    used 2361K, capacity 2398K, committed 2432K, reserved 1048576K
}
Event: 4.174 GC heap before
{Heap before GC invocations=7 (full 0):
 PSYoungGen      total 70656K, used 12591K [0x00000000eb200000, 0x00000000f0000000, 0x0000000100000000)
  eden space 64512K, 10% used [0x00000000eb200000,0x00000000eb853dc8,0x00000000ef100000)
  from space 6144K, 99% used [0x00000000ef800000,0x00000000efdf8178,0x00000000efe00000)
  to   space 7168K, 0% used [0x00000000ef100000,0x00000000ef100000,0x00000000ef800000)
 ParOldGen       total 44032K, used 7782K [0x00000000c1600000, 0x00000000c4100000, 0x00000000eb200000)
  object space 44032K, 17% used [0x00000000c1600000,0x00000000c1d99ba0,0x00000000c4100000)
 Metaspace       used 20866K, capacity 21012K, committed 21248K, reserved 1069056K
  class space    used 2451K, capacity 2465K, committed 2560K, reserved 1048576K
Event: 4.180 GC heap after
Heap after GC invocations=7 (full 0):
 PSYoungGen      total 71680K, used 4004K [0x00000000eb200000, 0x00000000f3d00000, 0x0000000100000000)
  eden space 64512K, 0% used [0x00000000eb200000,0x00000000eb200000,0x00000000ef100000)
  from space 7168K, 55% used [0x00000000ef100000,0x00000000ef4e90f8,0x00000000ef800000)
  to   space 6656K, 0% used [0x00000000f3680000,0x00000000f3680000,0x00000000f3d00000)
 ParOldGen       total 44032K, used 8786K [0x00000000c1600000, 0x00000000c4100000, 0x00000000eb200000)
  object space 44032K, 19% used [0x00000000c1600000,0x00000000c1e94a28,0x00000000c4100000)
 Metaspace       used 20866K, capacity 21012K, committed 21248K, reserved 1069056K
  class space    used 2451K, capacity 2465K, committed 2560K, reserved 1048576K
}
Event: 4.180 GC heap before
{Heap before GC invocations=8 (full 1):
 PSYoungGen      total 71680K, used 4004K [0x00000000eb200000, 0x00000000f3d00000, 0x0000000100000000)
  eden space 64512K, 0% used [0x00000000eb200000,0x00000000eb200000,0x00000000ef100000)
  from space 7168K, 55% used [0x00000000ef100000,0x00000000ef4e90f8,0x00000000ef800000)
  to   space 6656K, 0% used [0x00000000f3680000,0x00000000f3680000,0x00000000f3d00000)
 ParOldGen       total 44032K, used 8786K [0x00000000c1600000, 0x00000000c4100000, 0x00000000eb200000)
  object space 44032K, 19% used [0x00000000c1600000,0x00000000c1e94a28,0x00000000c4100000)
 Metaspace       used 20866K, capacity 21012K, committed 21248K, reserved 1069056K
  class space    used 2451K, capacity 2465K, committed 2560K, reserved 1048576K

