# JRE version: Java(TM) SE Runtime Environment (8.0_161-b12) (build 1.8.0_161-b12)
# Java VM: Java HotSpot(TM) 64-Bit Server VM (25.161-b12 mixed mode windows-amd64 compressed oops)
Heap:
 PSYoungGen      total 139776K, used 2686K [0x00000000eb200000, 0x00000000f4500000, 0x0000000100000000)
  eden space 130560K, 2% used [0x00000000eb200000,0x00000000eb49fb68,0x00000000f3180000)
  from space 9216K, 0% used [0x00000000f3b00000,0x00000000f3b00000,0x00000000f4400000)
  to   space 9728K, 0% used [0x00000000f3180000,0x00000000f3180000,0x00000000f3b00000)
 ParOldGen       total 38912K, used 10928K [0x00000000c1600000, 0x00000000c3c00000, 0x00000000eb200000)
  object space 38912K, 28% used [0x00000000c1600000,0x00000000c20ac058,0x00000000c3c00000)
 Metaspace       used 20982K, capacity 21484K, committed 21808K, reserved 1069056K
  class space    used 2540K, capacity 2686K, committed 2688K, reserved 1048576K
GC Heap History (10 events):
Event: 2.104 GC heap before
{Heap before GC invocations=5 (full 0):
 PSYoungGen      total 35328K, used 35320K [0x00000000eb200000, 0x00000000ed700000, 0x0000000100000000)
  eden space 32768K, 100% used [0x00000000eb200000,0x00000000ed200000,0x00000000ed200000)
  from space 2560K, 99% used [0x00000000ed480000,0x00000000ed6fe010,0x00000000ed700000)
  to   space 2560K, 0% used [0x00000000ed200000,0x00000000ed200000,0x00000000ed480000)
 ParOldGen       total 44032K, used 5981K [0x00000000c1600000, 0x00000000c4100000, 0x00000000eb200000)
  object space 44032K, 13% used [0x00000000c1600000,0x00000000c1bd7538,0x00000000c4100000)
 Metaspace       used 15536K, capacity 15842K, committed 16128K, reserved 1062912K
  class space    used 1908K, capacity 2005K, committed 2048K, reserved 1048576K
Event: 2.117 GC heap after
Heap after GC invocations=5 (full 0):
 PSYoungGen      total 35328K, used 2536K [0x00000000eb200000, 0x00000000f0000000, 0x0000000100000000)
  eden space 32768K, 0% used [0x00000000eb200000,0x00000000eb200000,0x00000000ed200000)
  from space 2560K, 99% used [0x00000000ed200000,0x00000000ed47a020,0x00000000ed480000)
  to   space 7168K, 0% used [0x00000000ef900000,0x00000000ef900000,0x00000000f0000000)
 ParOldGen       total 44032K, used 10447K [0x00000000c1600000, 0x00000000c4100000, 0x00000000eb200000)
  object space 44032K, 23% used [0x00000000c1600000,0x00000000c2033d68,0x00000000c4100000)
 Metaspace       used 15536K, capacity 15842K, committed 16128K, reserved 1062912K
  class space    used 1908K, capacity 2005K, committed 2048K, reserved 1048576K
}
Event: 2.667 GC heap before
{Heap before GC invocations=6 (full 0):
 PSYoungGen      total 35328K, used 35304K [0x00000000eb200000, 0x00000000f0000000, 0x0000000100000000)
  eden space 32768K, 100% used [0x00000000eb200000,0x00000000ed200000,0x00000000ed200000)
  from space 2560K, 99% used [0x00000000ed200000,0x00000000ed47a020,0x00000000ed480000)
  to   space 7168K, 0% used [0x00000000ef900000,0x00000000ef900000,0x00000000f0000000)
 ParOldGen       total 44032K, used 10447K [0x00000000c1600000, 0x00000000c4100000, 0x00000000eb200000)
  object space 44032K, 23% used [0x00000000c1600000,0x00000000c2033d68,0x00000000c4100000)
 Metaspace       used 15922K, capacity 16262K, committed 16384K, reserved 1062912K
  class space    used 1927K, capacity 2011K, committed 2048K, reserved 1048576K
Event: 2.676 GC heap after
Heap after GC invocations=6 (full 0):
 PSYoungGen      total 72704K, used 5568K [0x00000000eb200000, 0x00000000f0000000, 0x0000000100000000)
  eden space 65536K, 0% used [0x00000000eb200000,0x00000000eb200000,0x00000000ef200000)
  from space 7168K, 77% used [0x00000000ef900000,0x00000000efe701c8,0x00000000f0000000)
  to   space 7168K, 0% used [0x00000000ef200000,0x00000000ef200000,0x00000000ef900000)
 ParOldGen       total 44032K, used 10455K [0x00000000c1600000, 0x00000000c4100000, 0x00000000eb200000)
  object space 44032K, 23% used [0x00000000c1600000,0x00000000c2035d68,0x00000000c4100000)
 Metaspace       used 15922K, capacity 16262K, committed 16384K, reserved 1062912K
  class space    used 1927K, capacity 2011K, committed 2048K, reserved 1048576K
}
Event: 4.583 GC heap before
{Heap before GC invocations=7 (full 0):
 PSYoungGen      total 72704K, used 71104K [0x00000000eb200000, 0x00000000f0000000, 0x0000000100000000)
  eden space 65536K, 100% used [0x00000000eb200000,0x00000000ef200000,0x00000000ef200000)
  from space 7168K, 77% used [0x00000000ef900000,0x00000000efe701c8,0x00000000f0000000)
  to   space 7168K, 0% used [0x00000000ef200000,0x00000000ef200000,0x00000000ef900000)
 ParOldGen       total 44032K, used 10455K [0x00000000c1600000, 0x00000000c4100000, 0x00000000eb200000)
  object space 44032K, 23% used [0x00000000c1600000,0x00000000c2035d68,0x00000000c4100000)
 Metaspace       used 17531K, capacity 17976K, committed 18176K, reserved 1064960K
  class space    used 2073K, capacity 2198K, committed 2304K, reserved 1048576K
Event: 4.594 GC heap after
Heap after GC invocations=7 (full 0):
 PSYoungGen      total 72704K, used 7152K [0x00000000eb200000, 0x00000000f4400000, 0x0000000100000000)
  eden space 65536K, 0% used [0x00000000eb200000,0x00000000eb200000,0x00000000ef200000)
  from space 7168K, 99% used [0x00000000ef200000,0x00000000ef8fc010,0x00000000ef900000)
  to   space 9216K, 0% used [0x00000000f3b00000,0x00000000f3b00000,0x00000000f4400000)
 ParOldGen       total 44032K, used 12405K [0x00000000c1600000, 0x00000000c4100000, 0x00000000eb200000)
  object space 44032K, 28% used [0x00000000c1600000,0x00000000c221d4b0,0x00000000c4100000)
 Metaspace       used 17531K, capacity 17976K, committed 18176K, reserved 1064960K
  class space    used 2073K, capacity 2198K, committed 2304K, reserved 1048576K
}
Event: 4.939 GC heap before
{Heap before GC invocations=8 (full 0):
 PSYoungGen      total 72704K, used 30770K [0x00000000eb200000, 0x00000000f4400000, 0x0000000100000000)
  eden space 65536K, 36% used [0x00000000eb200000,0x00000000ec910af8,0x00000000ef200000)
  from space 7168K, 99% used [0x00000000ef200000,0x00000000ef8fc010,0x00000000ef900000)
  to   space 9216K, 0% used [0x00000000f3b00000,0x00000000f3b00000,0x00000000f4400000)
 ParOldGen       total 44032K, used 12405K [0x00000000c1600000, 0x00000000c4100000, 0x00000000eb200000)
  object space 44032K, 28% used [0x00000000c1600000,0x00000000c221d4b0,0x00000000c4100000)
 Metaspace       used 20654K, capacity 21164K, committed 21296K, reserved 1069056K
  class space    used 2515K, capacity 2686K, committed 2688K, reserved 1048576K
Event: 4.952 GC heap after
Heap after GC invocations=8 (full 0):
 PSYoungGen      total 139776K, used 7742K [0x00000000eb200000, 0x00000000f4500000, 0x0000000100000000)
  eden space 130560K, 0% used [0x00000000eb200000,0x00000000eb200000,0x00000000f3180000)
  from space 9216K, 84% used [0x00000000f3b00000,0x00000000f428f8d0,0x00000000f4400000)
  to   space 9728K, 0% used [0x00000000f3180000,0x00000000f3180000,0x00000000f3b00000)
 ParOldGen       total 44032K, used 12973K [0x00000000c1600000, 0x00000000c4100000, 0x00000000eb200000)
  object space 44032K, 29% used [0x00000000c1600000,0x00000000c22ab4b0,0x00000000c4100000)
 Metaspace       used 20654K, capacity 21164K, committed 21296K, reserved 1069056K
  class space    used 2515K, capacity 2686K, committed 2688K, reserved 1048576K
}
Event: 4.952 GC heap before
{Heap before GC invocations=9 (full 1):
 PSYoungGen      total 139776K, used 7742K [0x00000000eb200000, 0x00000000f4500000, 0x0000000100000000)
  eden space 130560K, 0% used [0x00000000eb200000,0x00000000eb200000,0x00000000f3180000)
  from space 9216K, 84% used [0x00000000f3b00000,0x00000000f428f8d0,0x00000000f4400000)
  to   space 9728K, 0% used [0x00000000f3180000,0x00000000f3180000,0x00000000f3b00000)
 ParOldGen       total 44032K, used 12973K [0x00000000c1600000, 0x00000000c4100000, 0x00000000eb200000)
  object space 44032K, 29% used [0x00000000c1600000,0x00000000c22ab4b0,0x00000000c4100000)
 Metaspace       used 20654K, capacity 21164K, committed 21296K, reserved 1069056K
  class space    used 2515K, capacity 2686K, committed 2688K, reserved 1048576K
Event: 5.022 GC heap after
Heap after GC invocations=9 (full 1):
 PSYoungGen      total 139776K, used 0K [0x00000000eb200000, 0x00000000f4500000, 0x0000000100000000)
  eden space 130560K, 0% used [0x00000000eb200000,0x00000000eb200000,0x00000000f3180000)
  from space 9216K, 0% used [0x00000000f3b00000,0x00000000f3b00000,0x00000000f4400000)
  to   space 9728K, 0% used [0x00000000f3180000,0x00000000f3180000,0x00000000f3b00000)
 ParOldGen       total 38912K, used 10928K [0x00000000c1600000, 0x00000000c3c00000, 0x00000000eb200000)
  object space 38912K, 28% used [0x00000000c1600000,0x00000000c20ac058,0x00000000c3c00000)
 Metaspace       used 20654K, capacity 21164K, committed 21296K, reserved 1069056K
  class space    used 2515K, capacity 2686K, committed 2688K, reserved 1048576K
}

