# JRE version: Java(TM) SE Runtime Environment (8.0_161-b12) (build 1.8.0_161-b12)
# Java VM: Java HotSpot(TM) 64-Bit Server VM (25.161-b12 mixed mode windows-amd64 compressed oops)
Heap:
 PSYoungGen      total 71168K, used 5004K [0x00000000eb200000, 0x00000000f3d00000, 0x0000000100000000)
  eden space 64000K, 0% used [0x00000000eb200000,0x00000000eb200000,0x00000000ef080000)
  from space 7168K, 69% used [0x00000000ef080000,0x00000000ef563170,0x00000000ef780000)
  to   space 7168K, 0% used [0x00000000f3600000,0x00000000f3600000,0x00000000f3d00000)
 ParOldGen       total 44032K, used 9116K [0x00000000c1600000, 0x00000000c4100000, 0x00000000eb200000)
  object space 44032K, 20% used [0x00000000c1600000,0x00000000c1ee7240,0x00000000c4100000)
 Metaspace       used 20877K, capacity 21006K, committed 21248K, reserved 1069056K
  class space    used 2439K, capacity 2464K, committed 2560K, reserved 1048576K
GC Heap History (10 events):
Event: 1.506 GC heap after
Heap after GC invocations=3 (full 0):
 PSYoungGen      total 18944K, used 2552K [0x00000000eb200000, 0x00000000ed700000, 0x0000000100000000)
  eden space 16384K, 0% used [0x00000000eb200000,0x00000000eb200000,0x00000000ec200000)
  from space 2560K, 99% used [0x00000000ec200000,0x00000000ec47e060,0x00000000ec480000)
  to   space 2560K, 0% used [0x00000000ed480000,0x00000000ed480000,0x00000000ed700000)
 ParOldGen       total 44032K, used 2697K [0x00000000c1600000, 0x00000000c4100000, 0x00000000eb200000)
  object space 44032K, 6% used [0x00000000c1600000,0x00000000c18a2710,0x00000000c4100000)
 Metaspace       used 12105K, capacity 12274K, committed 12416K, reserved 1060864K
  class space    used 1378K, capacity 1398K, committed 1408K, reserved 1048576K
}
Event: 2.581 GC heap before
{Heap before GC invocations=4 (full 0):
 PSYoungGen      total 18944K, used 18936K [0x00000000eb200000, 0x00000000ed700000, 0x0000000100000000)
  eden space 16384K, 100% used [0x00000000eb200000,0x00000000ec200000,0x00000000ec200000)
  from space 2560K, 99% used [0x00000000ec200000,0x00000000ec47e060,0x00000000ec480000)
  to   space 2560K, 0% used [0x00000000ed480000,0x00000000ed480000,0x00000000ed700000)
 ParOldGen       total 44032K, used 2697K [0x00000000c1600000, 0x00000000c4100000, 0x00000000eb200000)
  object space 44032K, 6% used [0x00000000c1600000,0x00000000c18a2710,0x00000000c4100000)
 Metaspace       used 13976K, capacity 14104K, committed 14208K, reserved 1062912K
  class space    used 1586K, capacity 1623K, committed 1664K, reserved 1048576K
Event: 2.589 GC heap after
Heap after GC invocations=4 (full 0):
 PSYoungGen      total 35328K, used 2536K [0x00000000eb200000, 0x00000000ed700000, 0x0000000100000000)
  eden space 32768K, 0% used [0x00000000eb200000,0x00000000eb200000,0x00000000ed200000)
  from space 2560K, 99% used [0x00000000ed480000,0x00000000ed6fa040,0x00000000ed700000)
  to   space 2560K, 0% used [0x00000000ed200000,0x00000000ed200000,0x00000000ed480000)
 ParOldGen       total 44032K, used 4846K [0x00000000c1600000, 0x00000000c4100000, 0x00000000eb200000)
  object space 44032K, 11% used [0x00000000c1600000,0x00000000c1abba38,0x00000000c4100000)
 Metaspace       used 13976K, capacity 14104K, committed 14208K, reserved 1062912K
  class space    used 1586K, capacity 1623K, committed 1664K, reserved 1048576K
}
Event: 4.327 GC heap before
{Heap before GC invocations=5 (full 0):
 PSYoungGen      total 35328K, used 35304K [0x00000000eb200000, 0x00000000ed700000, 0x0000000100000000)
  eden space 32768K, 100% used [0x00000000eb200000,0x00000000ed200000,0x00000000ed200000)
  from space 2560K, 99% used [0x00000000ed480000,0x00000000ed6fa040,0x00000000ed700000)
  to   space 2560K, 0% used [0x00000000ed200000,0x00000000ed200000,0x00000000ed480000)
 ParOldGen       total 44032K, used 4846K [0x00000000c1600000, 0x00000000c4100000, 0x00000000eb200000)
  object space 44032K, 11% used [0x00000000c1600000,0x00000000c1abba38,0x00000000c4100000)
 Metaspace       used 15965K, capacity 16158K, committed 16256K, reserved 1062912K
  class space    used 1832K, capacity 1880K, committed 1920K, reserved 1048576K
Event: 4.356 GC heap after
Heap after GC invocations=5 (full 0):
 PSYoungGen      total 35328K, used 2536K [0x00000000eb200000, 0x00000000efd00000, 0x0000000100000000)
  eden space 32768K, 0% used [0x00000000eb200000,0x00000000eb200000,0x00000000ed200000)
  from space 2560K, 99% used [0x00000000ed200000,0x00000000ed47a040,0x00000000ed480000)
  to   space 5632K, 0% used [0x00000000ef780000,0x00000000ef780000,0x00000000efd00000)
 ParOldGen       total 44032K, used 6874K [0x00000000c1600000, 0x00000000c4100000, 0x00000000eb200000)
  object space 44032K, 15% used [0x00000000c1600000,0x00000000c1cb6950,0x00000000c4100000)
 Metaspace       used 15965K, capacity 16158K, committed 16256K, reserved 1062912K
  class space    used 1832K, capacity 1880K, committed 1920K, reserved 1048576K
}
Event: 6.720 GC heap before
{Heap before GC invocations=6 (full 0):
 PSYoungGen      total 35328K, used 35304K [0x00000000eb200000, 0x00000000efd00000, 0x0000000100000000)
  eden space 32768K, 100% used [0x00000000eb200000,0x00000000ed200000,0x00000000ed200000)
  from space 2560K, 99% used [0x00000000ed200000,0x00000000ed47a040,0x00000000ed480000)
  to   space 5632K, 0% used [0x00000000ef780000,0x00000000ef780000,0x00000000efd00000)
 ParOldGen       total 44032K, used 6874K [0x00000000c1600000, 0x00000000c4100000, 0x00000000eb200000)
  object space 44032K, 15% used [0x00000000c1600000,0x00000000c1cb6950,0x00000000c4100000)
 Metaspace       used 20213K, capacity 20418K, committed 20608K, reserved 1067008K
  class space    used 2366K, capacity 2398K, committed 2432K, reserved 1048576K
Event: 6.726 GC heap after
Heap after GC invocations=6 (full 0):
 PSYoungGen      total 69632K, used 5609K [0x00000000eb200000, 0x00000000f0000000, 0x0000000100000000)
  eden space 64000K, 0% used [0x00000000eb200000,0x00000000eb200000,0x00000000ef080000)
  from space 5632K, 99% used [0x00000000ef780000,0x00000000efcfa590,0x00000000efd00000)
  to   space 7168K, 0% used [0x00000000ef080000,0x00000000ef080000,0x00000000ef780000)
 ParOldGen       total 44032K, used 7836K [0x00000000c1600000, 0x00000000c4100000, 0x00000000eb200000)
  object space 44032K, 17% used [0x00000000c1600000,0x00000000c1da73c8,0x00000000c4100000)
 Metaspace       used 20213K, capacity 20418K, committed 20608K, reserved 1067008K
  class space    used 2366K, capacity 2398K, committed 2432K, reserved 1048576K
}
Event: 6.947 GC heap before
{Heap before GC invocations=7 (full 0):
 PSYoungGen      total 69632K, used 22224K [0x00000000eb200000, 0x00000000f0000000, 0x0000000100000000)
  eden space 64000K, 25% used [0x00000000eb200000,0x00000000ec239bd0,0x00000000ef080000)
  from space 5632K, 99% used [0x00000000ef780000,0x00000000efcfa590,0x00000000efd00000)
  to   space 7168K, 0% used [0x00000000ef080000,0x00000000ef080000,0x00000000ef780000)
 ParOldGen       total 44032K, used 7836K [0x00000000c1600000, 0x00000000c4100000, 0x00000000eb200000)
  object space 44032K, 17% used [0x00000000c1600000,0x00000000c1da73c8,0x00000000c4100000)
 Metaspace       used 20877K, capacity 21006K, committed 21248K, reserved 1069056K
  class space    used 2439K, capacity 2464K, committed 2560K, reserved 1048576K
Event: 6.956 GC heap after
Heap after GC invocations=7 (full 0):
 PSYoungGen      total 71168K, used 5004K [0x00000000eb200000, 0x00000000f3d00000, 0x0000000100000000)
  eden space 64000K, 0% used [0x00000000eb200000,0x00000000eb200000,0x00000000ef080000)
  from space 7168K, 69% used [0x00000000ef080000,0x00000000ef563170,0x00000000ef780000)
  to   space 7168K, 0% used [0x00000000f3600000,0x00000000f3600000,0x00000000f3d00000)
 ParOldGen       total 44032K, used 9116K [0x00000000c1600000, 0x00000000c4100000, 0x00000000eb200000)
  object space 44032K, 20% used [0x00000000c1600000,0x00000000c1ee7240,0x00000000c4100000)
 Metaspace       used 20877K, capacity 21006K, committed 21248K, reserved 1069056K
  class space    used 2439K, capacity 2464K, committed 2560K, reserved 1048576K
}
Event: 6.956 GC heap before
{Heap before GC invocations=8 (full 1):
 PSYoungGen      total 71168K, used 5004K [0x00000000eb200000, 0x00000000f3d00000, 0x0000000100000000)
  eden space 64000K, 0% used [0x00000000eb200000,0x00000000eb200000,0x00000000ef080000)
  from space 7168K, 69% used [0x00000000ef080000,0x00000000ef563170,0x00000000ef780000)
  to   space 7168K, 0% used [0x00000000f3600000,0x00000000f3600000,0x00000000f3d00000)
 ParOldGen       total 44032K, used 9116K [0x00000000c1600000, 0x00000000c4100000, 0x00000000eb200000)
  object space 44032K, 20% used [0x00000000c1600000,0x00000000c1ee7240,0x00000000c4100000)
 Metaspace       used 20877K, capacity 21006K, committed 21248K, reserved 1069056K
  class space    used 2439K, capacity 2464K, committed 2560K, reserved 1048576K

