# JRE version: Java(TM) SE Runtime Environment (8.0_161-b12) (build 1.8.0_161-b12)
# Java VM: Java HotSpot(TM) 64-Bit Server VM (25.161-b12 mixed mode windows-amd64 compressed oops)
Heap:
 PSYoungGen      total 256512K, used 208599K [0x00000000eb200000, 0x00000000ffd00000, 0x0000000100000000)
  eden space 252928K, 82% used [0x00000000eb200000,0x00000000f7db5eb8,0x00000000fa900000)
  from space 3584K, 0% used [0x00000000fa900000,0x00000000fa900000,0x00000000fac80000)
  to   space 43008K, 0% used [0x00000000fd300000,0x00000000fd300000,0x00000000ffd00000)
 ParOldGen       total 84480K, used 22403K [0x00000000c1600000, 0x00000000c6880000, 0x00000000eb200000)
  object space 84480K, 26% used [0x00000000c1600000,0x00000000c2be0f98,0x00000000c6880000)
 Metaspace       used 44038K, capacity 44696K, committed 45056K, reserved 1089536K
  class space    used 5157K, capacity 5374K, committed 5376K, reserved 1048576K
GC Heap History (10 events):
Event: 8.625 GC heap before
{Heap before GC invocations=14 (full 2):
 PSYoungGen      total 184320K, used 183806K [0x00000000eb200000, 0x00000000fb800000, 0x0000000100000000)
  eden space 158720K, 100% used [0x00000000eb200000,0x00000000f4d00000,0x00000000f4d00000)
  from space 25600K, 97% used [0x00000000f4d00000,0x00000000f657fa58,0x00000000f6600000)
  to   space 29696K, 0% used [0x00000000f9b00000,0x00000000f9b00000,0x00000000fb800000)
 ParOldGen       total 93696K, used 42850K [0x00000000c1600000, 0x00000000c7180000, 0x00000000eb200000)
  object space 93696K, 45% used [0x00000000c1600000,0x00000000c3fd8ac0,0x00000000c7180000)
 Metaspace       used 22262K, capacity 22686K, committed 22912K, reserved 1069056K
  class space    used 2541K, capacity 2682K, committed 2688K, reserved 1048576K
Event: 8.662 GC heap after
Heap after GC invocations=14 (full 2):
 PSYoungGen      total 231936K, used 29688K [0x00000000eb200000, 0x00000000fc780000, 0x0000000100000000)
  eden space 202240K, 0% used [0x00000000eb200000,0x00000000eb200000,0x00000000f7780000)
  from space 29696K, 99% used [0x00000000f9b00000,0x00000000fb7fe2b0,0x00000000fb800000)
  to   space 36352K, 0% used [0x00000000f7780000,0x00000000f7780000,0x00000000f9b00000)
 ParOldGen       total 93696K, used 48530K [0x00000000c1600000, 0x00000000c7180000, 0x00000000eb200000)
  object space 93696K, 51% used [0x00000000c1600000,0x00000000c4564ba8,0x00000000c7180000)
 Metaspace       used 22262K, capacity 22686K, committed 22912K, reserved 1069056K
  class space    used 2541K, capacity 2682K, committed 2688K, reserved 1048576K
}
Event: 9.626 GC heap before
{Heap before GC invocations=15 (full 2):
 PSYoungGen      total 231936K, used 231928K [0x00000000eb200000, 0x00000000fc780000, 0x0000000100000000)
  eden space 202240K, 100% used [0x00000000eb200000,0x00000000f7780000,0x00000000f7780000)
  from space 29696K, 99% used [0x00000000f9b00000,0x00000000fb7fe2b0,0x00000000fb800000)
  to   space 36352K, 0% used [0x00000000f7780000,0x00000000f7780000,0x00000000f9b00000)
 ParOldGen       total 93696K, used 48530K [0x00000000c1600000, 0x00000000c7180000, 0x00000000eb200000)
  object space 93696K, 51% used [0x00000000c1600000,0x00000000c4564ba8,0x00000000c7180000)
 Metaspace       used 23549K, capacity 24014K, committed 24448K, reserved 1071104K
  class space    used 2688K, capacity 2849K, committed 2944K, reserved 1048576K
Event: 9.683 GC heap after
Heap after GC invocations=15 (full 2):
 PSYoungGen      total 238592K, used 36320K [0x00000000eb200000, 0x0000000100000000, 0x0000000100000000)
  eden space 202240K, 0% used [0x00000000eb200000,0x00000000eb200000,0x00000000f7780000)
  from space 36352K, 99% used [0x00000000f7780000,0x00000000f9af8328,0x00000000f9b00000)
  to   space 45568K, 0% used [0x00000000fd380000,0x00000000fd380000,0x0000000100000000)
 ParOldGen       total 93696K, used 57264K [0x00000000c1600000, 0x00000000c7180000, 0x00000000eb200000)
  object space 93696K, 61% used [0x00000000c1600000,0x00000000c4dec118,0x00000000c7180000)
 Metaspace       used 23549K, capacity 24014K, committed 24448K, reserved 1071104K
  class space    used 2688K, capacity 2849K, committed 2944K, reserved 1048576K
}
Event: 11.753 GC heap before
{Heap before GC invocations=16 (full 2):
 PSYoungGen      total 238592K, used 238560K [0x00000000eb200000, 0x0000000100000000, 0x0000000100000000)
  eden space 202240K, 100% used [0x00000000eb200000,0x00000000f7780000,0x00000000f7780000)
  from space 36352K, 99% used [0x00000000f7780000,0x00000000f9af8328,0x00000000f9b00000)
  to   space 45568K, 0% used [0x00000000fd380000,0x00000000fd380000,0x0000000100000000)
 ParOldGen       total 93696K, used 57264K [0x00000000c1600000, 0x00000000c7180000, 0x00000000eb200000)
  object space 93696K, 61% used [0x00000000c1600000,0x00000000c4dec118,0x00000000c7180000)
 Metaspace       used 35778K, capacity 36370K, committed 36736K, reserved 1081344K
  class space    used 4227K, capacity 4407K, committed 4480K, reserved 1048576K
Event: 11.782 GC heap after
Heap after GC invocations=16 (full 2):
 PSYoungGen      total 298496K, used 13889K [0x00000000eb200000, 0x0000000100000000, 0x0000000100000000)
  eden space 252928K, 0% used [0x00000000eb200000,0x00000000eb200000,0x00000000fa900000)
  from space 45568K, 30% used [0x00000000fd380000,0x00000000fe110768,0x0000000100000000)
  to   space 43520K, 0% used [0x00000000fa900000,0x00000000fa900000,0x00000000fd380000)
 ParOldGen       total 93696K, used 58872K [0x00000000c1600000, 0x00000000c7180000, 0x00000000eb200000)
  object space 93696K, 62% used [0x00000000c1600000,0x00000000c4f7e368,0x00000000c7180000)
 Metaspace       used 35778K, capacity 36370K, committed 36736K, reserved 1081344K
  class space    used 4227K, capacity 4407K, committed 4480K, reserved 1048576K
}
Event: 12.720 GC heap before
{Heap before GC invocations=17 (full 2):
 PSYoungGen      total 298496K, used 73822K [0x00000000eb200000, 0x0000000100000000, 0x0000000100000000)
  eden space 252928K, 23% used [0x00000000eb200000,0x00000000eec87458,0x00000000fa900000)
  from space 45568K, 30% used [0x00000000fd380000,0x00000000fe110768,0x0000000100000000)
  to   space 43520K, 0% used [0x00000000fa900000,0x00000000fa900000,0x00000000fd380000)
 ParOldGen       total 93696K, used 58872K [0x00000000c1600000, 0x00000000c7180000, 0x00000000eb200000)
  object space 93696K, 62% used [0x00000000c1600000,0x00000000c4f7e368,0x00000000c7180000)
 Metaspace       used 37225K, capacity 37822K, committed 38144K, reserved 1083392K
  class space    used 4366K, capacity 4553K, committed 4608K, reserved 1048576K
Event: 12.732 GC heap after
Heap after GC invocations=17 (full 2):
 PSYoungGen      total 256512K, used 3102K [0x00000000eb200000, 0x00000000ffd00000, 0x0000000100000000)
  eden space 252928K, 0% used [0x00000000eb200000,0x00000000eb200000,0x00000000fa900000)
  from space 3584K, 86% used [0x00000000fa900000,0x00000000fac07950,0x00000000fac80000)
  to   space 43008K, 0% used [0x00000000fd300000,0x00000000fd300000,0x00000000ffd00000)
 ParOldGen       total 93696K, used 62380K [0x00000000c1600000, 0x00000000c7180000, 0x00000000eb200000)
  object space 93696K, 66% used [0x00000000c1600000,0x00000000c52eb260,0x00000000c7180000)
 Metaspace       used 37225K, capacity 37822K, committed 38144K, reserved 1083392K
  class space    used 4366K, capacity 4553K, committed 4608K, reserved 1048576K
}
Event: 12.732 GC heap before
{Heap before GC invocations=18 (full 3):
 PSYoungGen      total 256512K, used 3102K [0x00000000eb200000, 0x00000000ffd00000, 0x0000000100000000)
  eden space 252928K, 0% used [0x00000000eb200000,0x00000000eb200000,0x00000000fa900000)
  from space 3584K, 86% used [0x00000000fa900000,0x00000000fac07950,0x00000000fac80000)
  to   space 43008K, 0% used [0x00000000fd300000,0x00000000fd300000,0x00000000ffd00000)
 ParOldGen       total 93696K, used 62380K [0x00000000c1600000, 0x00000000c7180000, 0x00000000eb200000)
  object space 93696K, 66% used [0x00000000c1600000,0x00000000c52eb260,0x00000000c7180000)
 Metaspace       used 37225K, capacity 37822K, committed 38144K, reserved 1083392K
  class space    used 4366K, capacity 4553K, committed 4608K, reserved 1048576K
Event: 12.880 GC heap after
Heap after GC invocations=18 (full 3):
 PSYoungGen      total 256512K, used 0K [0x00000000eb200000, 0x00000000ffd00000, 0x0000000100000000)
  eden space 252928K, 0% used [0x00000000eb200000,0x00000000eb200000,0x00000000fa900000)
  from space 3584K, 0% used [0x00000000fa900000,0x00000000fa900000,0x00000000fac80000)
  to   space 43008K, 0% used [0x00000000fd300000,0x00000000fd300000,0x00000000ffd00000)
 ParOldGen       total 84480K, used 22403K [0x00000000c1600000, 0x00000000c6880000, 0x00000000eb200000)
  object space 84480K, 26% used [0x00000000c1600000,0x00000000c2be0f98,0x00000000c6880000)
 Metaspace       used 37168K, capacity 37732K, committed 38144K, reserved 1083392K
  class space    used 4357K, capacity 4538K, committed 4608K, reserved 1048576K
}

